0 info it worked if it ends with ok
1 verbose cli [ 'node', '/Users/lijung/.nvm/v0.10.23/bin/npm', 'publish', '.' ]
2 info using npm@1.4.4
3 info using node@v0.10.23
4 verbose publish [ '.' ]
5 verbose cache add [ '.', null ]
6 verbose cache add name=undefined spec="." args=[".",null]
7 verbose parsed url { protocol: null,
7 verbose parsed url   slashes: null,
7 verbose parsed url   auth: null,
7 verbose parsed url   host: null,
7 verbose parsed url   port: null,
7 verbose parsed url   hostname: null,
7 verbose parsed url   hash: null,
7 verbose parsed url   search: null,
7 verbose parsed url   query: null,
7 verbose parsed url   pathname: '.',
7 verbose parsed url   path: '.',
7 verbose parsed url   href: '.' }
8 silly lockFile 3a52ce78- .
9 verbose lock . /Users/lijung/.npm/3a52ce78-.lock
10 verbose tar pack [ '/var/folders/jn/tnc0hcxj7zj0z1wxv4xbp67w0000gn/T/npm-31717-QOsBLVrC/1404877669076-0.14444577926769853/tmp.tgz',
10 verbose tar pack   '.' ]
11 verbose tarball /var/folders/jn/tnc0hcxj7zj0z1wxv4xbp67w0000gn/T/npm-31717-QOsBLVrC/1404877669076-0.14444577926769853/tmp.tgz
12 verbose folder .
13 info prepublish csvlint@0.1.0
14 silly lockFile 1f1177db-tar tar://.
15 verbose lock tar://. /Users/lijung/.npm/1f1177db-tar.lock
16 silly lockFile 690111ef-9076-0-14444577926769853-tmp-tgz tar:///var/folders/jn/tnc0hcxj7zj0z1wxv4xbp67w0000gn/T/npm-31717-QOsBLVrC/1404877669076-0.14444577926769853/tmp.tgz
17 verbose lock tar:///var/folders/jn/tnc0hcxj7zj0z1wxv4xbp67w0000gn/T/npm-31717-QOsBLVrC/1404877669076-0.14444577926769853/tmp.tgz /Users/lijung/.npm/690111ef-9076-0-14444577926769853-tmp-tgz.lock
18 silly lockFile 1f1177db-tar tar://.
19 silly lockFile 1f1177db-tar tar://.
20 silly lockFile 690111ef-9076-0-14444577926769853-tmp-tgz tar:///var/folders/jn/tnc0hcxj7zj0z1wxv4xbp67w0000gn/T/npm-31717-QOsBLVrC/1404877669076-0.14444577926769853/tmp.tgz
21 silly lockFile 690111ef-9076-0-14444577926769853-tmp-tgz tar:///var/folders/jn/tnc0hcxj7zj0z1wxv4xbp67w0000gn/T/npm-31717-QOsBLVrC/1404877669076-0.14444577926769853/tmp.tgz
22 verbose tar unpack /var/folders/jn/tnc0hcxj7zj0z1wxv4xbp67w0000gn/T/npm-31717-QOsBLVrC/1404877669076-0.14444577926769853/tmp.tgz
23 silly lockFile 471c6d0c-9076-0-14444577926769853-package tar:///var/folders/jn/tnc0hcxj7zj0z1wxv4xbp67w0000gn/T/npm-31717-QOsBLVrC/1404877669076-0.14444577926769853/package
24 verbose lock tar:///var/folders/jn/tnc0hcxj7zj0z1wxv4xbp67w0000gn/T/npm-31717-QOsBLVrC/1404877669076-0.14444577926769853/package /Users/lijung/.npm/471c6d0c-9076-0-14444577926769853-package.lock
25 silly lockFile 690111ef-9076-0-14444577926769853-tmp-tgz tar:///var/folders/jn/tnc0hcxj7zj0z1wxv4xbp67w0000gn/T/npm-31717-QOsBLVrC/1404877669076-0.14444577926769853/tmp.tgz
26 verbose lock tar:///var/folders/jn/tnc0hcxj7zj0z1wxv4xbp67w0000gn/T/npm-31717-QOsBLVrC/1404877669076-0.14444577926769853/tmp.tgz /Users/lijung/.npm/690111ef-9076-0-14444577926769853-tmp-tgz.lock
27 silly gunzTarPerm modes [ '755', '644' ]
28 silly gunzTarPerm extractEntry package.json
29 silly gunzTarPerm extractEntry .npmignore
30 silly gunzTarPerm extractEntry README.md
31 silly gunzTarPerm extractEntry csvlint.js
32 silly gunzTarPerm extractEntry test/csvlint.test.js
33 silly gunzTarPerm extractEntry test/output.csv
34 silly gunzTarPerm extractEntry test/test1.csv
35 silly gunzTarPerm extractEntry test/test1_err.csv
36 silly gunzTarPerm extractEntry test/test2.csv
37 silly gunzTarPerm extractEntry test/test3.csv
38 silly gunzTarPerm extractEntry test/test4.csv
39 silly gunzTarPerm extractEntry test/test4_err.csv
40 silly gunzTarPerm extractEntry test/test5.csv
41 silly gunzTarPerm extractEntry test/test6.csv
42 silly lockFile 471c6d0c-9076-0-14444577926769853-package tar:///var/folders/jn/tnc0hcxj7zj0z1wxv4xbp67w0000gn/T/npm-31717-QOsBLVrC/1404877669076-0.14444577926769853/package
43 silly lockFile 471c6d0c-9076-0-14444577926769853-package tar:///var/folders/jn/tnc0hcxj7zj0z1wxv4xbp67w0000gn/T/npm-31717-QOsBLVrC/1404877669076-0.14444577926769853/package
44 silly lockFile 690111ef-9076-0-14444577926769853-tmp-tgz tar:///var/folders/jn/tnc0hcxj7zj0z1wxv4xbp67w0000gn/T/npm-31717-QOsBLVrC/1404877669076-0.14444577926769853/tmp.tgz
45 silly lockFile 690111ef-9076-0-14444577926769853-tmp-tgz tar:///var/folders/jn/tnc0hcxj7zj0z1wxv4xbp67w0000gn/T/npm-31717-QOsBLVrC/1404877669076-0.14444577926769853/tmp.tgz
46 verbose tar pack [ '/Users/lijung/.npm/csvlint/0.1.0/package.tgz',
46 verbose tar pack   '/var/folders/jn/tnc0hcxj7zj0z1wxv4xbp67w0000gn/T/npm-31717-QOsBLVrC/1404877669076-0.14444577926769853/package' ]
47 verbose tarball /Users/lijung/.npm/csvlint/0.1.0/package.tgz
48 verbose folder /var/folders/jn/tnc0hcxj7zj0z1wxv4xbp67w0000gn/T/npm-31717-QOsBLVrC/1404877669076-0.14444577926769853/package
49 silly lockFile 471c6d0c-9076-0-14444577926769853-package tar:///var/folders/jn/tnc0hcxj7zj0z1wxv4xbp67w0000gn/T/npm-31717-QOsBLVrC/1404877669076-0.14444577926769853/package
50 verbose lock tar:///var/folders/jn/tnc0hcxj7zj0z1wxv4xbp67w0000gn/T/npm-31717-QOsBLVrC/1404877669076-0.14444577926769853/package /Users/lijung/.npm/471c6d0c-9076-0-14444577926769853-package.lock
51 silly lockFile 8d3d8e2f-ng-npm-csvlint-0-1-0-package-tgz tar:///Users/lijung/.npm/csvlint/0.1.0/package.tgz
52 verbose lock tar:///Users/lijung/.npm/csvlint/0.1.0/package.tgz /Users/lijung/.npm/8d3d8e2f-ng-npm-csvlint-0-1-0-package-tgz.lock
53 silly lockFile 471c6d0c-9076-0-14444577926769853-package tar:///var/folders/jn/tnc0hcxj7zj0z1wxv4xbp67w0000gn/T/npm-31717-QOsBLVrC/1404877669076-0.14444577926769853/package
54 silly lockFile 471c6d0c-9076-0-14444577926769853-package tar:///var/folders/jn/tnc0hcxj7zj0z1wxv4xbp67w0000gn/T/npm-31717-QOsBLVrC/1404877669076-0.14444577926769853/package
55 silly lockFile 8d3d8e2f-ng-npm-csvlint-0-1-0-package-tgz tar:///Users/lijung/.npm/csvlint/0.1.0/package.tgz
56 silly lockFile 8d3d8e2f-ng-npm-csvlint-0-1-0-package-tgz tar:///Users/lijung/.npm/csvlint/0.1.0/package.tgz
57 silly lockFile 69b9bb43-lijung-npm-csvlint-0-1-0-package /Users/lijung/.npm/csvlint/0.1.0/package
58 verbose lock /Users/lijung/.npm/csvlint/0.1.0/package /Users/lijung/.npm/69b9bb43-lijung-npm-csvlint-0-1-0-package.lock
59 silly lockFile 69b9bb43-lijung-npm-csvlint-0-1-0-package /Users/lijung/.npm/csvlint/0.1.0/package
60 silly lockFile 69b9bb43-lijung-npm-csvlint-0-1-0-package /Users/lijung/.npm/csvlint/0.1.0/package
61 verbose tar unpack /Users/lijung/.npm/csvlint/0.1.0/package.tgz
62 silly lockFile 0b729ad4-lijung-npm-csvlint-0-1-0-package tar:///Users/lijung/.npm/csvlint/0.1.0/package
63 verbose lock tar:///Users/lijung/.npm/csvlint/0.1.0/package /Users/lijung/.npm/0b729ad4-lijung-npm-csvlint-0-1-0-package.lock
64 silly lockFile 8d3d8e2f-ng-npm-csvlint-0-1-0-package-tgz tar:///Users/lijung/.npm/csvlint/0.1.0/package.tgz
65 verbose lock tar:///Users/lijung/.npm/csvlint/0.1.0/package.tgz /Users/lijung/.npm/8d3d8e2f-ng-npm-csvlint-0-1-0-package-tgz.lock
66 silly gunzTarPerm modes [ '755', '644' ]
67 silly gunzTarPerm extractEntry package.json
68 silly gunzTarPerm extractEntry .npmignore
69 silly gunzTarPerm extractEntry README.md
70 silly gunzTarPerm extractEntry csvlint.js
71 silly gunzTarPerm extractEntry test/csvlint.test.js
72 silly gunzTarPerm extractEntry test/output.csv
73 silly gunzTarPerm extractEntry test/test1.csv
74 silly gunzTarPerm extractEntry test/test1_err.csv
75 silly gunzTarPerm extractEntry test/test2.csv
76 silly gunzTarPerm extractEntry test/test3.csv
77 silly gunzTarPerm extractEntry test/test4.csv
78 silly gunzTarPerm extractEntry test/test4_err.csv
79 silly gunzTarPerm extractEntry test/test5.csv
80 silly gunzTarPerm extractEntry test/test6.csv
81 silly lockFile 0b729ad4-lijung-npm-csvlint-0-1-0-package tar:///Users/lijung/.npm/csvlint/0.1.0/package
82 silly lockFile 0b729ad4-lijung-npm-csvlint-0-1-0-package tar:///Users/lijung/.npm/csvlint/0.1.0/package
83 silly lockFile 8d3d8e2f-ng-npm-csvlint-0-1-0-package-tgz tar:///Users/lijung/.npm/csvlint/0.1.0/package.tgz
84 silly lockFile 8d3d8e2f-ng-npm-csvlint-0-1-0-package-tgz tar:///Users/lijung/.npm/csvlint/0.1.0/package.tgz
85 verbose chmod /Users/lijung/.npm/csvlint/0.1.0/package.tgz 644
86 verbose chown /Users/lijung/.npm/csvlint/0.1.0/package.tgz [ 501, 20 ]
87 silly lockFile 3a52ce78- .
88 silly lockFile 3a52ce78- .
89 silly publish { name: 'csvlint',
89 silly publish   version: '0.1.0',
89 silly publish   description: 'Linting CSV file and report warnings or errors, implementing specification rfc4180.',
89 silly publish   main: 'csvlint.js',
89 silly publish   directories: { test: 'test' },
89 silly publish   dependencies: { buffertools: '~2.1.2' },
89 silly publish   devDependencies: {},
89 silly publish   scripts: { test: 'mocha' },
89 silly publish   repository:
89 silly publish    { type: 'git',
89 silly publish      url: 'git://github.com/chilijung/csvlint.js.git' },
89 silly publish   keywords: [ 'csv', 'lint' ],
89 silly publish   author:
89 silly publish    { name: 'chilijung',
89 silly publish      email: 'chilijung@gmail.com',
89 silly publish      url: 'http://lijung.com/' },
89 silly publish   license: 'MIT',
89 silly publish   bugs: { url: 'https://github.com/chilijung/csvlint.js/issues' },
89 silly publish   homepage: 'https://github.com/chilijung/csvlint.js',
89 silly publish   readme: '# CSVLint\n\nLinting CSV file and report warnings or errors, implementing specification rfc4180.\n\nhttp://tools.ietf.org/html/rfc4180\n\n## Origin\n\nCSV files are using in various of fields like scientests, programmers, and ... . Because of the popularity of `CSV`, having a right convention is really important. So this is `CSVLint` come up with.\n\n## Install\n\n```javascript\nnpm install csvlint\n```\n\n## Usage\n\n```javascript\nvar rs = fs.createReadStream(\'./test/test6.csv\');\nvar ws = fs.createWriteStream(\'./test/output.csv\');\nvar csvlint = csvlint();\nrs.pipe(csvlint).pipe(ws);\n\ncsvlint.on(\'readable\', function() {\n})\n\ncsvlint.on(\'data\', function(data) {\n    console.log(data)\n})\n```\n\nUsing `CSVlint` you could pipe into another stream after lint is done. As the sample above after linting pipe into a write stream to file `./test/output.csv`\n\n## Options (csvlint(options))\n\nOptions are optional. \n\n- encoding: default to `utf8`\n- delimiter: default to `,`\n- newlint: default to `\\n`\n- quote: default to `\\"`\n\n## Definitions\n\nFor definitions we implement the definition in `rfc4180`\n\n1.  Each record is located on a separate line, delimited by a line break (CRLF).\n\n2.  The last record in the file may or may not have an ending line break.\n\n3.  There maybe an optional header line appearing as the first line of the file with the same format as normal record lines.  This header will contain names corresponding to the fields in the file and should contain the same number of fields as the records in the rest of the file (the presence or absence of the header line should be indicated via the optional "header" parameter of this MIME type). \n\n4.  Within the header and each record, there may be one or more fields, separated by commas.  Each line should contain the same number of fields throughout the file.  Spaces are considered part of a field and should not be ignored.  The last field in the record must not be followed by a comma.\n\n5.  Each field may or may not be enclosed in double quotes (however some programs, such as Microsoft Excel, do not use double quotes at all).  If fields are not enclosed with double quotes, then double quotes may not appear inside the fields.\n\n6.  If double-quotes are used to enclose fields, then a double-quote appearing inside a field must be escaped by preceding it with another double quote.\n\n## Inspired by\n\nhttp://csvlint.io/ \n\n## License\n\nMIT\n',
89 silly publish   readmeFilename: 'README.md',
89 silly publish   _id: 'csvlint@0.1.0',
89 silly publish   dist: { shasum: 'dfadc4e086810d769e96430326518fd2fdcea794' },
89 silly publish   _from: '.' }
90 verbose url raw csvlint
91 verbose url resolving [ 'https://registry.npmjs.org/', './csvlint' ]
92 verbose url resolved https://registry.npmjs.org/csvlint
93 info trying registry request attempt 1 at 11:47:49
94 http PUT https://registry.npmjs.org/csvlint
95 http 403 https://registry.npmjs.org/csvlint
96 error publish Failed PUT 403
97 error Error: forbidden cannot modify pre-existing version: 0.1.0
97 error old={"name":"csvlint","version":"0.1.0","description":"linting CSV files","main":"csvlint.js","directories":{"test":"test"},"dependencies":{"buffertools":"~2.1.2"},"devDependencies":{},"scripts":{"test":"mocha"},"repository":{"type":"git","url":"git://github.com/chilijung/csvlint.js.git"},"keywords":["csv","lint"],"author":{"name":"chilijung","email":"chilijung@gmail.com","url":"http://lijung.com/"},"license":"MIT","bugs":{"url":"https://github.com/chilijung/csvlint.js/issues"},"homepage":"https://github.com/chilijung/csvlint.js","_id":"csvlint@0.1.0","dist":{"shasum":"702a7b530d9228672d4c8692b57b859ec72fb679","tarball":"http://registry.npmjs.org/csvlint/-/csvlint-0.1.0.tgz"},"_from":".","_npmVersion":"1.4.4","_npmUser":{"name":"chilijung","email":"chilijung@gmail.com"},"maintainers":[{"name":"chilijung","email":"chilijung@gmail.com"}]}
97 error new={"name":"csvlint","version":"0.1.0","description":"Linting CSV file and report warnings or errors, implementing specification rfc4180.","main":"csvlint.js","directories":{"test":"test"},"dependencies":{"buffertools":"~2.1.2"},"devDependencies":{},"scripts":{"test":"mocha"},"repository":{"type":"git","url":"git://github.com/chilijung/csvlint.js.git"},"keywords":["csv","lint"],"author":{"name":"chilijung","email":"chilijung@gmail.com","url":"http://lijung.com/"},"license":"MIT","bugs":{"url":"https://github.com/chilijung/csvlint.js/issues"},"homepage":"https://github.com/chilijung/csvlint.js","readme":"# CSVLint\u000a\u000aLinting CSV file and report warnings or errors, implementing specification rfc4180.\u000a\u000ahttp://tools.ietf.org/html/rfc4180\u000a\u000a## Origin\u000a\u000aCSV files are using in various of fields like scientests, programmers, and ... . Because of the popularity of `CSV`, having a right convention is really important. So this is `CSVLint` come up with.\u000a\u000a## Install\u000a\u000a```javascript\u000anpm install csvlint\u000a```\u000a\u000a## Usage\u000a\u000a```javascript\u000avar rs = fs.createReadStream('./test/test6.csv');\u000avar ws = fs.createWriteStream('./test/output.csv');\u000avar csvlint = csvlint();\u000ars.pipe(csvlint).pipe(ws);\u000a\u000acsvlint.on('readable', function() {\u000a})\u000a\u000acsvlint.on('data', function(data) {\u000a    console.log(data)\u000a})\u000a```\u000a\u000aUsing `CSVlint` you could pipe into another stream after lint is done. As the sample above after linting pipe into a write stream to file `./test/output.csv`\u000a\u000a## Options (csvlint(options))\u000a\u000aOptions are optional. \u000a\u000a- encoding: default to `utf8`\u000a- delimiter: default to `,`\u000a- newlint: default to `\\n`\u000a- quote: default to `\\\"`\u000a\u000a## Definitions\u000a\u000aFor definitions we implement the definition in `rfc4180`\u000a\u000a1.  Each record is located on a separate line, delimited by a line break (CRLF).\u000a\u000a2.  The last record in the file may or may not have an ending line break.\u000a\u000a3.  There maybe an optional header line appearing as the first line of the file with the same format as normal record lines.  This header will contain names corresponding to the fields in the file and should contain the same number of fields as the records in the rest of the file (the presence or absence of the header line should be indicated via the optional \"header\" parameter of this MIME type). \u000a\u000a4.  Within the header and each record, there may be one or more fields, separated by commas.  Each line should contain the same number of fields throughout the file.  Spaces are considered part of a field and should not be ignored.  The last field in the record must not be followed by a comma.\u000a\u000a5.  Each field may or may not be enclosed in double quotes (however some programs, such as Microsoft Excel, do not use double quotes at all).  If fields are not enclosed with double quotes, then double quotes may not appear inside the fields.\u000a\u000a6.  If double-quotes are used to enclose fields, then a double-quote appearing inside a field must be escaped by preceding it with another double quote.\u000a\u000a## Inspired by\u000a\u000ahttp://csvlint.io/ \u000a\u000a## License\u000a\u000aMIT\u000a","readmeFilename":"README.md","_id":"csvlint@0.1.0","dist":{"shasum":"dfadc4e086810d769e96430326518fd2fdcea794","tarball":"http://registry.npmjs.org/csvlint/-/csvlint-0.1.0.tgz"},"_from":".","_npmVersion":"1.4.4","_npmUser":{"name":"chilijung","email":"chilijung@gmail.com"},"maintainers":[{"name":"chilijung","email":"chilijung@gmail.com"}]}: csvlint
97 error     at RegClient.<anonymous> (/Users/lijung/.nvm/v0.10.23/lib/node_modules/npm/node_modules/npm-registry-client/lib/request.js:237:14)
97 error     at Request.self.callback (/Users/lijung/.nvm/v0.10.23/lib/node_modules/npm/node_modules/request/request.js:123:22)
97 error     at Request.EventEmitter.emit (events.js:98:17)
97 error     at Request.<anonymous> (/Users/lijung/.nvm/v0.10.23/lib/node_modules/npm/node_modules/request/request.js:893:14)
97 error     at Request.EventEmitter.emit (events.js:117:20)
97 error     at IncomingMessage.<anonymous> (/Users/lijung/.nvm/v0.10.23/lib/node_modules/npm/node_modules/request/request.js:844:12)
97 error     at IncomingMessage.EventEmitter.emit (events.js:117:20)
97 error     at _stream_readable.js:920:16
97 error     at process._tickCallback (node.js:415:13)
98 error If you need help, you may report this *entire* log,
98 error including the npm and node versions, at:
98 error     <http://github.com/npm/npm/issues>
99 error System Darwin 13.1.0
100 error command "node" "/Users/lijung/.nvm/v0.10.23/bin/npm" "publish" "."
101 error cwd /Users/lijung/Documents/dataGarage/csvlint.js
102 error node -v v0.10.23
103 error npm -v 1.4.4
104 verbose exit [ 1, true ]
